<?xml version="1.0" encoding="UTF-8"?>
<testng-results skipped="0" failed="0" total="1" passed="1">
  <reporter-output>
  </reporter-output>
  <suite name="Default suite" duration-ms="36687" started-at="2018-07-27T08:20:53Z" finished-at="2018-07-27T08:21:30Z">
    <groups>
    </groups>
    <test name="Default test" duration-ms="36687" started-at="2018-07-27T08:20:53Z" finished-at="2018-07-27T08:21:30Z">
      <class name="com.practice.Test.selenium">
        <test-method status="PASS" signature="window()[pri:0, instance:com.practice.Test.selenium@9629756]" name="window" duration-ms="36663" started-at="2018-07-27T13:50:53Z" finished-at="2018-07-27T13:51:30Z">
          <reporter-output>
          </reporter-output>
        </test-method> <!-- window -->
      </class> <!-- com.practice.Test.selenium -->
    </test> <!-- Default test -->
  </suite> <!-- Default suite -->
</testng-results>
