<?xml version="1.0" encoding="UTF-8"?>
<testng-results skipped="0" failed="0" total="1" passed="1">
  <reporter-output>
  </reporter-output>
  <suite name="Default suite" duration-ms="61719" started-at="2018-07-27T09:33:20Z" finished-at="2018-07-27T09:34:22Z">
    <groups>
    </groups>
    <test name="Default test" duration-ms="61719" started-at="2018-07-27T09:33:20Z" finished-at="2018-07-27T09:34:22Z">
      <class name="com.practice.Test.selenium">
        <test-method status="PASS" signature="window()[pri:0, instance:com.practice.Test.selenium@9629756]" name="window" duration-ms="61691" started-at="2018-07-27T15:03:20Z" finished-at="2018-07-27T15:04:22Z">
          <reporter-output>
          </reporter-output>
        </test-method> <!-- window -->
      </class> <!-- com.practice.Test.selenium -->
    </test> <!-- Default test -->
  </suite> <!-- Default suite -->
</testng-results>
